TN:
SF:/Users/sbacha/github/eu-signatures/src/ATSHashIndex.js
FN:19,(anonymous_0)
FN:70,(anonymous_1)
FN:90,(anonymous_2)
FN:115,(anonymous_3)
FN:176,(anonymous_4)
FN:232,(anonymous_5)
FN:275,(anonymous_6)
FN:284,(anonymous_7)
FN:289,(anonymous_8)
FN:297,(anonymous_9)
FN:311,(anonymous_10)
FN:331,(anonymous_11)
FN:352,(anonymous_12)
FN:374,(anonymous_13)
FN:377,(anonymous_14)
FN:383,(anonymous_15)
FN:390,(anonymous_16)
FN:412,(anonymous_17)
FN:415,(anonymous_18)
FN:421,(anonymous_19)
FN:428,(anonymous_20)
FN:452,(anonymous_21)
FN:455,(anonymous_22)
FN:461,(anonymous_23)
FN:473,(anonymous_24)
FNF:25
FNH:0
FNDA:0,(anonymous_0)
FNDA:0,(anonymous_1)
FNDA:0,(anonymous_2)
FNDA:0,(anonymous_3)
FNDA:0,(anonymous_4)
FNDA:0,(anonymous_5)
FNDA:0,(anonymous_6)
FNDA:0,(anonymous_7)
FNDA:0,(anonymous_8)
FNDA:0,(anonymous_9)
FNDA:0,(anonymous_10)
FNDA:0,(anonymous_11)
FNDA:0,(anonymous_12)
FNDA:0,(anonymous_13)
FNDA:0,(anonymous_14)
FNDA:0,(anonymous_15)
FNDA:0,(anonymous_16)
FNDA:0,(anonymous_17)
FNDA:0,(anonymous_18)
FNDA:0,(anonymous_19)
FNDA:0,(anonymous_20)
FNDA:0,(anonymous_21)
FNDA:0,(anonymous_22)
FNDA:0,(anonymous_23)
FNDA:0,(anonymous_24)
DA:21,0
DA:26,0
DA:36,0
DA:45,0
DA:54,0
DA:62,0
DA:71,0
DA:73,0
DA:77,0
DA:79,0
DA:91,0
DA:93,0
DA:102,0
DA:104,0
DA:131,0
DA:133,0
DA:178,0
DA:196,0
DA:197,0
DA:204,0
DA:205,0
DA:211,0
DA:217,0
DA:221,0
DA:234,0
DA:236,0
DA:237,0
DA:240,0
DA:248,0
DA:256,0
DA:265,0
DA:276,0
DA:278,0
DA:279,0
DA:282,0
DA:284,0
DA:289,0
DA:290,0
DA:295,0
DA:297,0
DA:301,0
DA:313,0
DA:315,0
DA:317,0
DA:321,0
DA:325,0
DA:326,0
DA:327,0
DA:331,0
DA:332,0
DA:333,0
DA:334,0
DA:335,0
DA:339,0
DA:345,0
DA:350,0
DA:353,0
DA:355,0
DA:358,0
DA:359,0
DA:361,0
DA:362,0
DA:363,0
DA:366,0
DA:372,0
DA:374,0
DA:378,0
DA:379,0
DA:383,0
DA:388,0
DA:391,0
DA:393,0
DA:396,0
DA:397,0
DA:399,0
DA:400,0
DA:401,0
DA:404,0
DA:410,0
DA:412,0
DA:416,0
DA:417,0
DA:421,0
DA:426,0
DA:429,0
DA:431,0
DA:432,0
DA:435,0
DA:440,0
DA:450,0
DA:452,0
DA:456,0
DA:457,0
DA:461,0
DA:465,0
DA:475,0
LF:96
LH:0
BRDA:19,0,0,0
BRDA:21,1,0,0
BRDA:21,1,1,0
BRDA:62,2,0,0
BRDA:62,2,1,0
BRDA:71,3,0,0
BRDA:71,3,1,0
BRDA:71,3,2,0
BRDA:71,3,3,0
BRDA:71,3,4,0
BRDA:91,4,0,0
BRDA:91,4,1,0
BRDA:91,4,2,0
BRDA:91,4,3,0
BRDA:91,4,4,0
BRDA:94,5,0,0
BRDA:94,5,1,0
BRDA:115,6,0,0
BRDA:134,7,0,0
BRDA:134,7,1,0
BRDA:137,8,0,0
BRDA:137,8,1,0
BRDA:147,9,0,0
BRDA:147,9,1,0
BRDA:155,10,0,0
BRDA:155,10,1,0
BRDA:163,11,0,0
BRDA:163,11,1,0
BRDA:196,12,0,0
BRDA:196,12,1,0
BRDA:204,13,0,0
BRDA:204,13,1,0
BRDA:212,14,0,0
BRDA:212,14,1,0
BRDA:217,15,0,0
BRDA:217,15,1,0
BRDA:222,16,0,0
BRDA:222,16,1,0
BRDA:236,17,0,0
BRDA:236,17,1,0
BRDA:278,18,0,0
BRDA:278,18,1,0
BRDA:321,19,0,0
BRDA:321,19,1,0
BRDA:326,20,0,0
BRDA:326,20,1,0
BRDA:332,21,0,0
BRDA:332,21,1,0
BRDA:334,22,0,0
BRDA:334,22,1,0
BRDA:355,23,0,0
BRDA:355,23,1,0
BRDA:361,24,0,0
BRDA:361,24,1,0
BRDA:393,25,0,0
BRDA:393,25,1,0
BRDA:399,26,0,0
BRDA:399,26,1,0
BRDA:431,27,0,0
BRDA:431,27,1,0
BRDA:473,28,0,0
BRF:61
BRH:0
end_of_record
TN:
SF:/Users/sbacha/github/eu-signatures/src/ArchiveTimeStampV3.js
FN:22,(anonymous_0)
FN:57,(anonymous_1)
FN:75,(anonymous_2)
FN:108,(anonymous_3)
FN:167,(anonymous_4)
FN:233,(anonymous_5)
FN:234,(anonymous_6)
FN:240,(anonymous_7)
FN:318,(anonymous_8)
FN:324,(anonymous_9)
FN:325,(anonymous_10)
FN:337,(anonymous_11)
FNF:12
FNH:0
FNDA:0,(anonymous_0)
FNDA:0,(anonymous_1)
FNDA:0,(anonymous_2)
FNDA:0,(anonymous_3)
FNDA:0,(anonymous_4)
FNDA:0,(anonymous_5)
FNDA:0,(anonymous_6)
FNDA:0,(anonymous_7)
FNDA:0,(anonymous_8)
FNDA:0,(anonymous_9)
FNDA:0,(anonymous_10)
FNDA:0,(anonymous_11)
DA:23,0
DA:26,0
DA:31,0
DA:41,0
DA:49,0
DA:58,0
DA:60,0
DA:62,0
DA:64,0
DA:76,0
DA:78,0
DA:81,0
DA:97,0
DA:109,0
DA:111,0
DA:112,0
DA:113,0
DA:117,0
DA:119,0
DA:121,0
DA:122,0
DA:126,0
DA:127,0
DA:131,0
DA:132,0
DA:136,0
DA:140,0
DA:141,0
DA:147,0
DA:148,0
DA:150,0
DA:155,0
DA:169,0
DA:171,0
DA:173,0
DA:174,0
DA:176,0
DA:180,0
DA:181,0
DA:182,0
DA:186,0
DA:188,0
DA:191,0
DA:192,0
DA:196,0
DA:200,0
DA:203,0
DA:209,0
DA:216,0
DA:218,0
DA:223,0
DA:226,0
DA:232,0
DA:233,0
DA:234,0
DA:239,0
DA:242,0
DA:245,0
DA:250,0
DA:254,0
DA:257,0
DA:263,0
DA:267,0
DA:268,0
DA:270,0
DA:274,0
DA:283,0
DA:284,0
DA:291,0
DA:297,0
DA:306,0
DA:313,0
DA:316,0
DA:318,0
DA:323,0
DA:324,0
DA:325,0
DA:329,0
DA:343,0
DA:345,0
DA:347,0
DA:352,0
DA:356,0
DA:357,0
DA:361,0
DA:362,0
DA:363,0
DA:367,0
DA:369,0
DA:376,0
DA:380,0
LF:91
LH:0
BRDA:22,0,0,0
BRDA:26,1,0,0
BRDA:26,1,1,0
BRDA:49,2,0,0
BRDA:49,2,1,0
BRDA:58,3,0,0
BRDA:58,3,1,0
BRDA:58,3,2,0
BRDA:76,4,0,0
BRDA:76,4,1,0
BRDA:76,4,2,0
BRDA:82,5,0,0
BRDA:82,5,1,0
BRDA:82,5,2,0
BRDA:82,5,3,0
BRDA:108,6,0,0
BRDA:111,7,0,0
BRDA:111,7,1,0
BRDA:112,8,0,0
BRDA:112,8,1,0
BRDA:121,9,0,0
BRDA:121,9,1,0
BRDA:126,10,0,0
BRDA:126,10,1,0
BRDA:131,11,0,0
BRDA:131,11,1,0
BRDA:140,12,0,0
BRDA:140,12,1,0
BRDA:181,13,0,0
BRDA:181,13,1,0
BRDA:186,14,0,0
BRDA:186,14,1,0
BRDA:188,15,0,0
BRDA:188,15,1,0
BRDA:191,16,0,0
BRDA:191,16,1,0
BRDA:192,17,0,0
BRDA:192,17,1,0
BRDA:193,18,0,0
BRDA:193,18,1,0
BRDA:196,19,0,0
BRDA:196,19,1,0
BRDA:223,20,0,0
BRDA:223,20,1,0
BRDA:263,21,0,0
BRDA:263,21,1,0
BRDA:283,22,0,0
BRDA:283,22,1,0
BRDA:337,23,0,0
BRDA:343,24,0,0
BRDA:343,24,1,0
BRDA:345,25,0,0
BRDA:345,25,1,0
BRDA:361,26,0,0
BRDA:361,26,1,0
BRF:55
BRH:0
end_of_record
TN:
SF:/Users/sbacha/github/eu-signatures/src/AttributeCAdES.js
FN:19,(anonymous_0)
FN:29,(anonymous_1)
FN:35,(anonymous_2)
FNF:3
FNH:0
FNDA:0,(anonymous_0)
FNDA:0,(anonymous_1)
FNDA:0,(anonymous_2)
DA:20,0
DA:22,0
DA:30,0
DA:32,0
DA:36,0
DA:38,0
DA:39,0
DA:41,0
DA:42,0
DA:44,0
DA:45,0
DA:47,0
DA:50,0
DA:52,0
DA:55,0
DA:57,0
DA:58,0
DA:60,0
DA:61,0
DA:63,0
DA:64,0
DA:66,0
DA:69,0
LF:23
LH:0
BRDA:36,0,0,0
BRDA:36,0,1,0
BRDA:36,0,2,0
BRDA:36,0,3,0
BRDA:36,0,4,0
BRDA:36,0,5,0
BRDA:36,0,6,0
BRDA:36,0,7,0
BRDA:36,0,8,0
BRDA:36,0,9,0
BRF:10
BRH:0
end_of_record
TN:
SF:/Users/sbacha/github/eu-signatures/src/CAdESCTimestamp.js
FN:13,(anonymous_0)
FN:35,(anonymous_1)
FN:81,(anonymous_2)
FN:99,(anonymous_3)
FN:105,(anonymous_4)
FN:106,(anonymous_5)
FN:118,(anonymous_6)
FNF:7
FNH:0
FNDA:0,(anonymous_0)
FNDA:0,(anonymous_1)
FNDA:0,(anonymous_2)
FNDA:0,(anonymous_3)
FNDA:0,(anonymous_4)
FNDA:0,(anonymous_5)
FNDA:0,(anonymous_6)
DA:14,0
DA:20,0
DA:37,0
DA:39,0
DA:41,0
DA:49,0
DA:50,0
DA:51,0
DA:55,0
DA:57,0
DA:58,0
DA:60,0
DA:64,0
DA:65,0
DA:67,0
DA:71,0
DA:72,0
DA:74,0
DA:80,0
DA:82,0
DA:86,0
DA:90,0
DA:94,0
DA:99,0
DA:104,0
DA:105,0
DA:106,0
DA:110,0
DA:124,0
DA:126,0
DA:128,0
DA:133,0
DA:137,0
DA:138,0
DA:142,0
DA:143,0
DA:144,0
DA:148,0
LF:38
LH:0
BRDA:13,0,0,0
BRDA:35,1,0,0
BRDA:50,2,0,0
BRDA:50,2,1,0
BRDA:55,3,0,0
BRDA:55,3,1,0
BRDA:57,4,0,0
BRDA:57,4,1,0
BRDA:64,5,0,0
BRDA:64,5,1,0
BRDA:71,6,0,0
BRDA:71,6,1,0
BRDA:124,7,0,0
BRDA:124,7,1,0
BRDA:126,8,0,0
BRDA:126,8,1,0
BRDA:142,9,0,0
BRDA:142,9,1,0
BRF:18
BRH:0
end_of_record
TN:
SF:/Users/sbacha/github/eu-signatures/src/CRLListID.js
FN:12,(anonymous_0)
FN:34,(anonymous_1)
FN:50,(anonymous_2)
FN:66,(anonymous_3)
FN:101,(anonymous_4)
FN:122,(anonymous_5)
FN:131,(anonymous_6)
FN:136,(anonymous_7)
FN:147,(anonymous_8)
FN:149,(anonymous_9)
FNF:10
FNH:0
FNDA:0,(anonymous_0)
FNDA:0,(anonymous_1)
FNDA:0,(anonymous_2)
FNDA:0,(anonymous_3)
FNDA:0,(anonymous_4)
FNDA:0,(anonymous_5)
FNDA:0,(anonymous_6)
FNDA:0,(anonymous_7)
FNDA:0,(anonymous_8)
FNDA:0,(anonymous_9)
DA:18,0
DA:26,0
DA:35,0
DA:37,0
DA:39,0
DA:51,0
DA:53,0
DA:55,0
DA:77,0
DA:79,0
DA:103,0
DA:113,0
DA:114,0
DA:120,0
DA:122,0
DA:133,0
DA:136,0
DA:148,0
DA:149,0
LF:19
LH:0
BRDA:12,0,0,0
BRDA:26,1,0,0
BRDA:26,1,1,0
BRDA:35,2,0,0
BRDA:35,2,1,0
BRDA:51,3,0,0
BRDA:51,3,1,0
BRDA:66,4,0,0
BRDA:80,5,0,0
BRDA:80,5,1,0
BRDA:81,6,0,0
BRDA:81,6,1,0
BRDA:84,7,0,0
BRDA:84,7,1,0
BRDA:113,8,0,0
BRDA:113,8,1,0
BRF:16
BRH:0
end_of_record
TN:
SF:/Users/sbacha/github/eu-signatures/src/CertificateValues.js
FN:13,(anonymous_0)
FN:35,(anonymous_1)
FN:51,(anonymous_2)
FN:67,(anonymous_3)
FN:94,(anonymous_4)
FN:115,(anonymous_5)
FN:124,(anonymous_6)
FN:127,(anonymous_7)
FN:138,(anonymous_8)
FN:140,(anonymous_9)
FN:146,(anonymous_10)
FN:155,(anonymous_11)
FNF:12
FNH:0
FNDA:0,(anonymous_0)
FNDA:0,(anonymous_1)
FNDA:0,(anonymous_2)
FNDA:0,(anonymous_3)
FNDA:0,(anonymous_4)
FNDA:0,(anonymous_5)
FNDA:0,(anonymous_6)
FNDA:0,(anonymous_7)
FNDA:0,(anonymous_8)
FNDA:0,(anonymous_9)
FNDA:0,(anonymous_10)
FNDA:0,(anonymous_11)
DA:19,0
DA:27,0
DA:36,0
DA:38,0
DA:40,0
DA:52,0
DA:54,0
DA:56,0
DA:76,0
DA:78,0
DA:96,0
DA:106,0
DA:107,0
DA:113,0
DA:115,0
DA:126,0
DA:128,0
DA:139,0
DA:141,0
DA:147,0
DA:148,0
DA:149,0
DA:150,0
DA:156,0
LF:24
LH:0
BRDA:13,0,0,0
BRDA:27,1,0,0
BRDA:27,1,1,0
BRDA:36,2,0,0
BRDA:36,2,1,0
BRDA:52,3,0,0
BRDA:52,3,1,0
BRDA:67,4,0,0
BRDA:79,5,0,0
BRDA:79,5,1,0
BRDA:80,6,0,0
BRDA:80,6,1,0
BRDA:83,7,0,0
BRDA:83,7,1,0
BRDA:106,8,0,0
BRDA:106,8,1,0
BRDA:147,9,0,0
BRDA:147,9,1,0
BRDA:149,10,0,0
BRDA:149,10,1,0
BRF:20
BRH:0
end_of_record
TN:
SF:/Users/sbacha/github/eu-signatures/src/CommitmentTypeIndication.js
FN:13,(anonymous_0)
FN:46,(anonymous_1)
FN:64,(anonymous_2)
FN:82,(anonymous_3)
FN:118,(anonymous_4)
FN:143,(anonymous_5)
FN:152,(anonymous_6)
FN:161,(anonymous_7)
FN:180,(anonymous_8)
FN:188,(anonymous_9)
FNF:10
FNH:0
FNDA:0,(anonymous_0)
FNDA:0,(anonymous_1)
FNDA:0,(anonymous_2)
FNDA:0,(anonymous_3)
FNDA:0,(anonymous_4)
FNDA:0,(anonymous_5)
FNDA:0,(anonymous_6)
FNDA:0,(anonymous_7)
FNDA:0,(anonymous_8)
FNDA:0,(anonymous_9)
DA:19,0
DA:25,0
DA:30,0
DA:38,0
DA:47,0
DA:49,0
DA:51,0
DA:53,0
DA:65,0
DA:67,0
DA:69,0
DA:71,0
DA:95,0
DA:97,0
DA:120,0
DA:131,0
DA:132,0
DA:138,0
DA:140,0
DA:141,0
DA:143,0
DA:154,0
DA:158,0
DA:159,0
DA:162,0
DA:170,0
DA:181,0
DA:185,0
DA:186,0
DA:188,0
DA:191,0
LF:31
LH:0
BRDA:13,0,0,0
BRDA:25,1,0,0
BRDA:25,1,1,0
BRDA:38,2,0,0
BRDA:38,2,1,0
BRDA:47,3,0,0
BRDA:47,3,1,0
BRDA:47,3,2,0
BRDA:65,4,0,0
BRDA:65,4,1,0
BRDA:65,4,2,0
BRDA:82,5,0,0
BRDA:98,6,0,0
BRDA:98,6,1,0
BRDA:100,7,0,0
BRDA:100,7,1,0
BRDA:105,8,0,0
BRDA:105,8,1,0
BRDA:131,9,0,0
BRDA:131,9,1,0
BRDA:140,10,0,0
BRDA:140,10,1,0
BRDA:158,11,0,0
BRDA:158,11,1,0
BRDA:185,12,0,0
BRDA:185,12,1,0
BRF:26
BRH:0
end_of_record
TN:
SF:/Users/sbacha/github/eu-signatures/src/CommitmentTypeQualifier.js
FN:11,(anonymous_0)
FN:42,(anonymous_1)
FN:60,(anonymous_2)
FN:78,(anonymous_3)
FN:109,(anonymous_4)
FN:138,(anonymous_5)
FN:156,(anonymous_6)
FNF:7
FNH:0
FNDA:0,(anonymous_0)
FNDA:0,(anonymous_1)
FNDA:0,(anonymous_2)
FNDA:0,(anonymous_3)
FNDA:0,(anonymous_4)
FNDA:0,(anonymous_5)
FNDA:0,(anonymous_6)
DA:17,0
DA:26,0
DA:34,0
DA:43,0
DA:45,0
DA:47,0
DA:49,0
DA:61,0
DA:63,0
DA:65,0
DA:67,0
DA:89,0
DA:91,0
DA:111,0
DA:122,0
DA:123,0
DA:129,0
DA:130,0
DA:139,0
DA:140,0
DA:143,0
DA:157,0
DA:158,0
DA:160,0
LF:24
LH:0
BRDA:11,0,0,0
BRDA:34,1,0,0
BRDA:34,1,1,0
BRDA:43,2,0,0
BRDA:43,2,1,0
BRDA:43,2,2,0
BRDA:61,3,0,0
BRDA:61,3,1,0
BRDA:61,3,2,0
BRDA:78,4,0,0
BRDA:92,5,0,0
BRDA:92,5,1,0
BRDA:93,6,0,0
BRDA:93,6,1,0
BRDA:96,7,0,0
BRDA:96,7,1,0
BRDA:99,8,0,0
BRDA:99,8,1,0
BRDA:122,9,0,0
BRDA:122,9,1,0
BRDA:139,10,0,0
BRDA:139,10,1,0
BRDA:157,11,0,0
BRDA:157,11,1,0
BRF:24
BRH:0
end_of_record
TN:
SF:/Users/sbacha/github/eu-signatures/src/CompleteCertificateReferences.js
FN:13,(anonymous_0)
FN:24,(anonymous_1)
FN:81,(anonymous_2)
FNF:3
FNH:0
FNDA:0,(anonymous_0)
FNDA:0,(anonymous_1)
FNDA:0,(anonymous_2)
DA:14,0
DA:26,0
DA:28,0
DA:33,0
DA:35,0
DA:36,0
DA:38,0
DA:44,0
DA:45,0
DA:47,0
DA:49,0
DA:55,0
DA:58,0
DA:59,0
DA:69,0
DA:73,0
DA:83,0
LF:17
LH:0
BRDA:13,0,0,0
BRDA:33,1,0,0
BRDA:33,1,1,0
BRDA:35,2,0,0
BRDA:35,2,1,0
BRDA:44,3,0,0
BRDA:44,3,1,0
BRDA:49,4,0,0
BRDA:49,4,1,0
BRDA:50,5,0,0
BRDA:50,5,1,0
BRDA:81,6,0,0
BRF:12
BRH:0
end_of_record
TN:
SF:/Users/sbacha/github/eu-signatures/src/CompleteCertificateRefs.js
FN:12,(anonymous_0)
FN:34,(anonymous_1)
FN:50,(anonymous_2)
FN:66,(anonymous_3)
FN:91,(anonymous_4)
FN:112,(anonymous_5)
FN:121,(anonymous_6)
FN:124,(anonymous_7)
FN:135,(anonymous_8)
FN:139,(anonymous_9)
FNF:10
FNH:0
FNDA:0,(anonymous_0)
FNDA:0,(anonymous_1)
FNDA:0,(anonymous_2)
FNDA:0,(anonymous_3)
FNDA:0,(anonymous_4)
FNDA:0,(anonymous_5)
FNDA:0,(anonymous_6)
FNDA:0,(anonymous_7)
FNDA:0,(anonymous_8)
FNDA:0,(anonymous_9)
DA:18,0
DA:26,0
DA:35,0
DA:37,0
DA:39,0
DA:51,0
DA:53,0
DA:55,0
DA:74,0
DA:76,0
DA:93,0
DA:103,0
DA:104,0
DA:110,0
DA:112,0
DA:123,0
DA:125,0
DA:136,0
DA:139,0
LF:19
LH:0
BRDA:12,0,0,0
BRDA:26,1,0,0
BRDA:26,1,1,0
BRDA:35,2,0,0
BRDA:35,2,1,0
BRDA:51,3,0,0
BRDA:51,3,1,0
BRDA:66,4,0,0
BRDA:77,5,0,0
BRDA:77,5,1,0
BRDA:80,6,0,0
BRDA:80,6,1,0
BRDA:103,7,0,0
BRDA:103,7,1,0
BRF:14
BRH:0
end_of_record
TN:
SF:/Users/sbacha/github/eu-signatures/src/CompleteRevocationReferences.js
FN:17,(anonymous_0)
FN:28,(anonymous_1)
FN:49,(anonymous_2)
FN:64,(anonymous_3)
FN:72,(anonymous_4)
FN:87,(anonymous_5)
FN:94,(anonymous_6)
FN:115,(anonymous_7)
FN:125,(anonymous_8)
FNF:9
FNH:0
FNDA:0,(anonymous_0)
FNDA:0,(anonymous_1)
FNDA:0,(anonymous_2)
FNDA:0,(anonymous_3)
FNDA:0,(anonymous_4)
FNDA:0,(anonymous_5)
FNDA:0,(anonymous_6)
FNDA:0,(anonymous_7)
FNDA:0,(anonymous_8)
DA:18,0
DA:30,0
DA:31,0
DA:33,0
DA:34,0
DA:36,0
DA:37,0
DA:41,0
DA:43,0
DA:47,0
DA:48,0
DA:50,0
DA:52,0
DA:53,0
DA:54,0
DA:62,0
DA:64,0
DA:70,0
DA:71,0
DA:73,0
DA:75,0
DA:76,0
DA:77,0
DA:85,0
DA:87,0
DA:93,0
DA:95,0
DA:96,0
DA:98,0
DA:99,0
DA:106,0
DA:107,0
DA:115,0
DA:127,0
LF:34
LH:0
BRDA:17,0,0,0
BRDA:41,1,0,0
BRDA:41,1,1,0
BRDA:43,2,0,0
BRDA:43,2,1,0
BRDA:47,3,0,0
BRDA:47,3,1,0
BRDA:70,4,0,0
BRDA:70,4,1,0
BRDA:95,5,0,0
BRDA:95,5,1,0
BRDA:95,6,0,0
BRDA:95,6,1,0
BRDA:98,7,0,0
BRDA:98,7,1,0
BRDA:106,8,0,0
BRDA:106,8,1,0
BRDA:125,9,0,0
BRF:18
BRH:0
end_of_record
TN:
SF:/Users/sbacha/github/eu-signatures/src/CompleteRevocationRefs.js
FN:12,(anonymous_0)
FN:34,(anonymous_1)
FN:50,(anonymous_2)
FN:66,(anonymous_3)
FN:93,(anonymous_4)
FN:114,(anonymous_5)
FN:123,(anonymous_6)
FN:126,(anonymous_7)
FN:137,(anonymous_8)
FN:141,(anonymous_9)
FNF:10
FNH:0
FNDA:0,(anonymous_0)
FNDA:0,(anonymous_1)
FNDA:0,(anonymous_2)
FNDA:0,(anonymous_3)
FNDA:0,(anonymous_4)
FNDA:0,(anonymous_5)
FNDA:0,(anonymous_6)
FNDA:0,(anonymous_7)
FNDA:0,(anonymous_8)
FNDA:0,(anonymous_9)
DA:18,0
DA:26,0
DA:35,0
DA:37,0
DA:39,0
DA:51,0
DA:53,0
DA:55,0
DA:75,0
DA:77,0
DA:95,0
DA:105,0
DA:106,0
DA:112,0
DA:114,0
DA:125,0
DA:127,0
DA:138,0
DA:141,0
LF:19
LH:0
BRDA:12,0,0,0
BRDA:26,1,0,0
BRDA:26,1,1,0
BRDA:35,2,0,0
BRDA:35,2,1,0
BRDA:51,3,0,0
BRDA:51,3,1,0
BRDA:66,4,0,0
BRDA:78,5,0,0
BRDA:78,5,1,0
BRDA:79,6,0,0
BRDA:79,6,1,0
BRDA:82,7,0,0
BRDA:82,7,1,0
BRDA:105,8,0,0
BRDA:105,8,1,0
BRF:16
BRH:0
end_of_record
TN:
SF:/Users/sbacha/github/eu-signatures/src/ContentHints.js
FN:12,(anonymous_0)
FN:45,(anonymous_1)
FN:62,(anonymous_2)
FN:79,(anonymous_3)
FN:108,(anonymous_4)
FN:140,(anonymous_5)
FN:155,(anonymous_6)
FNF:7
FNH:0
FNDA:0,(anonymous_0)
FNDA:0,(anonymous_1)
FNDA:0,(anonymous_2)
FNDA:0,(anonymous_3)
FNDA:0,(anonymous_4)
FNDA:0,(anonymous_5)
FNDA:0,(anonymous_6)
DA:14,0
DA:19,0
DA:29,0
DA:37,0
DA:46,0
DA:49,0
DA:51,0
DA:63,0
DA:66,0
DA:68,0
DA:90,0
DA:92,0
DA:110,0
DA:121,0
DA:122,0
DA:128,0
DA:129,0
DA:132,0
DA:142,0
DA:156,0
LF:20
LH:0
BRDA:12,0,0,0
BRDA:14,1,0,0
BRDA:14,1,1,0
BRDA:37,2,0,0
BRDA:37,2,1,0
BRDA:46,3,0,0
BRDA:46,3,1,0
BRDA:46,3,2,0
BRDA:63,4,0,0
BRDA:63,4,1,0
BRDA:63,4,2,0
BRDA:79,5,0,0
BRDA:93,6,0,0
BRDA:93,6,1,0
BRDA:96,7,0,0
BRDA:96,7,1,0
BRDA:99,8,0,0
BRDA:99,8,1,0
BRDA:121,9,0,0
BRDA:121,9,1,0
BRDA:128,10,0,0
BRDA:128,10,1,0
BRF:22
BRH:0
end_of_record
TN:
SF:/Users/sbacha/github/eu-signatures/src/ContentReference.js
FN:12,(anonymous_0)
FN:52,(anonymous_1)
FN:71,(anonymous_2)
FN:90,(anonymous_3)
FN:122,(anonymous_4)
FN:154,(anonymous_5)
FN:170,(anonymous_6)
FNF:7
FNH:0
FNDA:0,(anonymous_0)
FNDA:0,(anonymous_1)
FNDA:0,(anonymous_2)
FNDA:0,(anonymous_3)
FNDA:0,(anonymous_4)
FNDA:0,(anonymous_5)
FNDA:0,(anonymous_6)
DA:18,0
DA:27,0
DA:36,0
DA:44,0
DA:53,0
DA:55,0
DA:58,0
DA:60,0
DA:72,0
DA:74,0
DA:77,0
DA:79,0
DA:106,0
DA:108,0
DA:124,0
DA:136,0
DA:137,0
DA:144,0
DA:145,0
DA:146,0
DA:156,0
DA:171,0
LF:22
LH:0
BRDA:12,0,0,0
BRDA:44,1,0,0
BRDA:44,1,1,0
BRDA:53,2,0,0
BRDA:53,2,1,0
BRDA:53,2,2,0
BRDA:53,2,3,0
BRDA:72,3,0,0
BRDA:72,3,1,0
BRDA:72,3,2,0
BRDA:72,3,3,0
BRDA:90,4,0,0
BRDA:109,5,0,0
BRDA:109,5,1,0
BRDA:111,6,0,0
BRDA:111,6,1,0
BRDA:112,7,0,0
BRDA:112,7,1,0
BRDA:113,8,0,0
BRDA:113,8,1,0
BRDA:136,9,0,0
BRDA:136,9,1,0
BRF:22
BRH:0
end_of_record
TN:
SF:/Users/sbacha/github/eu-signatures/src/CrlIdentifier.js
FN:12,(anonymous_0)
FN:54,(anonymous_1)
FN:74,(anonymous_2)
FN:103,(anonymous_3)
FN:142,(anonymous_4)
FN:180,(anonymous_5)
FN:201,(anonymous_6)
FN:216,(anonymous_7)
FNF:8
FNH:0
FNDA:0,(anonymous_0)
FNDA:0,(anonymous_1)
FNDA:0,(anonymous_2)
FNDA:0,(anonymous_3)
FNDA:0,(anonymous_4)
FNDA:0,(anonymous_5)
FNDA:0,(anonymous_6)
FNDA:0,(anonymous_7)
DA:18,0
DA:27,0
DA:33,0
DA:38,0
DA:46,0
DA:55,0
DA:57,0
DA:59,0
DA:61,0
DA:63,0
DA:75,0
DA:77,0
DA:88,0
DA:90,0
DA:92,0
DA:116,0
DA:118,0
DA:144,0
DA:160,0
DA:161,0
DA:167,0
DA:170,0
DA:172,0
DA:182,0
DA:187,0
DA:191,0
DA:202,0
DA:207,0
DA:209,0
DA:222,0
DA:225,0
DA:231,0
DA:232,0
LF:33
LH:0
BRDA:12,0,0,0
BRDA:33,1,0,0
BRDA:33,1,1,0
BRDA:46,2,0,0
BRDA:46,2,1,0
BRDA:55,3,0,0
BRDA:55,3,1,0
BRDA:55,3,2,0
BRDA:55,3,3,0
BRDA:75,4,0,0
BRDA:75,4,1,0
BRDA:75,4,2,0
BRDA:75,4,3,0
BRDA:78,5,0,0
BRDA:78,5,1,0
BRDA:103,6,0,0
BRDA:119,7,0,0
BRDA:119,7,1,0
BRDA:120,8,0,0
BRDA:120,8,1,0
BRDA:123,9,0,0
BRDA:123,9,1,0
BRDA:129,10,0,0
BRDA:129,10,1,0
BRDA:131,11,0,0
BRDA:131,11,1,0
BRDA:160,12,0,0
BRDA:160,12,1,0
BRDA:172,13,0,0
BRDA:172,13,1,0
BRDA:187,14,0,0
BRDA:187,14,1,0
BRDA:207,15,0,0
BRDA:207,15,1,0
BRDA:222,16,0,0
BRDA:222,16,1,0
BRF:36
BRH:0
end_of_record
TN:
SF:/Users/sbacha/github/eu-signatures/src/CrlOcspRef.js
FN:14,(anonymous_0)
FN:59,(anonymous_1)
FN:79,(anonymous_2)
FN:111,(anonymous_3)
FN:173,(anonymous_4)
FN:215,(anonymous_5)
FN:267,(anonymous_6)
FNF:7
FNH:0
FNDA:0,(anonymous_0)
FNDA:0,(anonymous_1)
FNDA:0,(anonymous_2)
FNDA:0,(anonymous_3)
FNDA:0,(anonymous_4)
FNDA:0,(anonymous_5)
FNDA:0,(anonymous_6)
DA:16,0
DA:21,0
DA:27,0
DA:32,0
DA:38,0
DA:43,0
DA:51,0
DA:60,0
DA:62,0
DA:64,0
DA:66,0
DA:68,0
DA:80,0
DA:82,0
DA:84,0
DA:89,0
DA:100,0
DA:125,0
DA:127,0
DA:175,0
DA:187,0
DA:188,0
DA:194,0
DA:195,0
DA:199,0
DA:200,0
DA:204,0
DA:205,0
DA:217,0
DA:219,0
DA:220,0
DA:231,0
DA:232,0
DA:243,0
DA:244,0
DA:257,0
DA:268,0
DA:270,0
DA:272,0
DA:274,0
DA:276,0
LF:41
LH:0
BRDA:14,0,0,0
BRDA:16,1,0,0
BRDA:16,1,1,0
BRDA:27,2,0,0
BRDA:27,2,1,0
BRDA:38,3,0,0
BRDA:38,3,1,0
BRDA:51,4,0,0
BRDA:51,4,1,0
BRDA:60,5,0,0
BRDA:60,5,1,0
BRDA:60,5,2,0
BRDA:60,5,3,0
BRDA:80,6,0,0
BRDA:80,6,1,0
BRDA:80,6,2,0
BRDA:80,6,3,0
BRDA:90,7,0,0
BRDA:90,7,1,0
BRDA:111,8,0,0
BRDA:128,9,0,0
BRDA:128,9,1,0
BRDA:129,10,0,0
BRDA:129,10,1,0
BRDA:132,11,0,0
BRDA:132,11,1,0
BRDA:141,12,0,0
BRDA:141,12,1,0
BRDA:157,13,0,0
BRDA:157,13,1,0
BRDA:187,14,0,0
BRDA:187,14,1,0
BRDA:194,15,0,0
BRDA:194,15,1,0
BRDA:199,16,0,0
BRDA:199,16,1,0
BRDA:204,17,0,0
BRDA:204,17,1,0
BRDA:219,18,0,0
BRDA:219,18,1,0
BRDA:231,19,0,0
BRDA:231,19,1,0
BRDA:243,20,0,0
BRDA:243,20,1,0
BRDA:270,21,0,0
BRDA:270,21,1,0
BRDA:272,22,0,0
BRDA:272,22,1,0
BRDA:274,23,0,0
BRDA:274,23,1,0
BRF:50
BRH:0
end_of_record
TN:
SF:/Users/sbacha/github/eu-signatures/src/CrlValidatedID.js
FN:14,(anonymous_0)
FN:49,(anonymous_1)
FN:67,(anonymous_2)
FN:95,(anonymous_3)
FN:140,(anonymous_4)
FN:188,(anonymous_5)
FN:215,(anonymous_6)
FN:231,(anonymous_7)
FN:260,(anonymous_8)
FN:284,(anonymous_9)
FN:286,(anonymous_10)
FN:289,(anonymous_11)
FN:302,(anonymous_12)
FNF:13
FNH:0
FNDA:0,(anonymous_0)
FNDA:0,(anonymous_1)
FNDA:0,(anonymous_2)
FNDA:0,(anonymous_3)
FNDA:0,(anonymous_4)
FNDA:0,(anonymous_5)
FNDA:0,(anonymous_6)
FNDA:0,(anonymous_7)
FNDA:0,(anonymous_8)
FNDA:0,(anonymous_9)
FNDA:0,(anonymous_10)
FNDA:0,(anonymous_11)
FNDA:0,(anonymous_12)
DA:20,0
DA:26,0
DA:28,0
DA:33,0
DA:41,0
DA:50,0
DA:52,0
DA:54,0
DA:56,0
DA:68,0
DA:70,0
DA:72,0
DA:84,0
DA:107,0
DA:109,0
DA:142,0
DA:162,0
DA:163,0
DA:169,0
DA:170,0
DA:171,0
DA:173,0
DA:174,0
DA:177,0
DA:178,0
DA:189,0
DA:190,0
DA:193,0
DA:195,0
DA:197,0
DA:198,0
DA:200,0
DA:201,0
DA:205,0
DA:216,0
DA:220,0
DA:221,0
DA:223,0
DA:233,0
DA:235,0
DA:237,0
DA:243,0
DA:245,0
DA:248,0
DA:254,0
DA:255,0
DA:256,0
DA:260,0
DA:261,0
DA:262,0
DA:263,0
DA:264,0
DA:268,0
DA:269,0
DA:275,0
DA:277,0
DA:282,0
DA:285,0
DA:286,0
DA:290,0
DA:291,0
DA:293,0
DA:297,0
DA:298,0
DA:302,0
DA:306,0
LF:66
LH:0
BRDA:14,0,0,0
BRDA:28,1,0,0
BRDA:28,1,1,0
BRDA:41,2,0,0
BRDA:41,2,1,0
BRDA:50,3,0,0
BRDA:50,3,1,0
BRDA:50,3,2,0
BRDA:68,4,0,0
BRDA:68,4,1,0
BRDA:68,4,2,0
BRDA:73,5,0,0
BRDA:73,5,1,0
BRDA:73,5,2,0
BRDA:95,6,0,0
BRDA:110,7,0,0
BRDA:110,7,1,0
BRDA:111,8,0,0
BRDA:111,8,1,0
BRDA:115,9,0,0
BRDA:115,9,1,0
BRDA:117,10,0,0
BRDA:117,10,1,0
BRDA:126,11,0,0
BRDA:126,11,1,0
BRDA:162,12,0,0
BRDA:162,12,1,0
BRDA:169,13,0,0
BRDA:169,13,1,0
BRDA:177,14,0,0
BRDA:177,14,1,0
BRDA:189,15,0,0
BRDA:189,15,1,0
BRDA:195,16,0,0
BRDA:195,16,1,0
BRDA:200,17,0,0
BRDA:200,17,1,0
BRDA:220,18,0,0
BRDA:220,18,1,0
BRDA:243,19,0,0
BRDA:243,19,1,0
BRDA:245,20,0,0
BRDA:245,20,1,0
BRDA:255,21,0,0
BRDA:255,21,1,0
BRDA:261,22,0,0
BRDA:261,22,1,0
BRDA:263,23,0,0
BRDA:263,23,1,0
BRDA:290,24,0,0
BRDA:290,24,1,0
BRF:51
BRH:0
end_of_record
TN:
SF:/Users/sbacha/github/eu-signatures/src/DirectoryString.js
FN:11,(anonymous_0)
FN:42,(anonymous_1)
FN:60,(anonymous_2)
FN:77,(anonymous_3)
FN:132,(anonymous_4)
FN:168,(anonymous_5)
FNF:6
FNH:0
FNDA:0,(anonymous_0)
FNDA:0,(anonymous_1)
FNDA:0,(anonymous_2)
FNDA:0,(anonymous_3)
FNDA:0,(anonymous_4)
FNDA:0,(anonymous_5)
DA:17,0
DA:26,0
DA:34,0
DA:43,0
DA:45,0
DA:47,0
DA:49,0
DA:61,0
DA:63,0
DA:65,0
DA:67,0
DA:79,0
DA:93,0
DA:94,0
DA:101,0
DA:104,0
DA:106,0
DA:107,0
DA:109,0
DA:110,0
DA:112,0
DA:113,0
DA:115,0
DA:116,0
DA:118,0
DA:119,0
DA:121,0
DA:136,0
DA:138,0
DA:139,0
DA:141,0
DA:142,0
DA:144,0
DA:145,0
DA:147,0
DA:148,0
DA:150,0
DA:151,0
DA:153,0
DA:160,0
DA:169,0
LF:41
LH:0
BRDA:11,0,0,0
BRDA:34,1,0,0
BRDA:34,1,1,0
BRDA:43,2,0,0
BRDA:43,2,1,0
BRDA:43,2,2,0
BRDA:61,3,0,0
BRDA:61,3,1,0
BRDA:61,3,2,0
BRDA:93,4,0,0
BRDA:93,4,1,0
BRDA:104,5,0,0
BRDA:104,5,1,0
BRDA:104,5,2,0
BRDA:104,5,3,0
BRDA:104,5,4,0
BRDA:104,5,5,0
BRDA:136,6,0,0
BRDA:136,6,1,0
BRDA:136,6,2,0
BRDA:136,6,3,0
BRDA:136,6,4,0
BRDA:136,6,5,0
BRF:23
BRH:0
end_of_record
TN:
SF:/Users/sbacha/github/eu-signatures/src/ESSCertIDv2.js
FN:19,(anonymous_0)
FN:61,(anonymous_1)
FN:81,(anonymous_2)
FN:106,(anonymous_3)
FN:152,(anonymous_4)
FN:195,(anonymous_5)
FN:217,(anonymous_6)
FN:234,(anonymous_7)
FN:262,(anonymous_8)
FN:283,(anonymous_9)
FN:288,(anonymous_10)
FN:291,(anonymous_11)
FN:305,(anonymous_12)
FNF:13
FNH:0
FNDA:0,(anonymous_0)
FNDA:0,(anonymous_1)
FNDA:0,(anonymous_2)
FNDA:0,(anonymous_3)
FNDA:0,(anonymous_4)
FNDA:0,(anonymous_5)
FNDA:0,(anonymous_6)
FNDA:0,(anonymous_7)
FNDA:0,(anonymous_8)
FNDA:0,(anonymous_9)
FNDA:0,(anonymous_10)
FNDA:0,(anonymous_11)
FNDA:0,(anonymous_12)
DA:21,0
DA:26,0
DA:36,0
DA:45,0
DA:53,0
DA:62,0
DA:64,0
DA:66,0
DA:68,0
DA:70,0
DA:82,0
DA:85,0
DA:87,0
DA:95,0
DA:123,0
DA:125,0
DA:154,0
DA:174,0
DA:175,0
DA:181,0
DA:182,0
DA:186,0
DA:187,0
DA:197,0
DA:199,0
DA:200,0
DA:202,0
DA:203,0
DA:207,0
DA:218,0
DA:220,0
DA:221,0
DA:223,0
DA:224,0
DA:226,0
DA:236,0
DA:238,0
DA:240,0
DA:246,0
DA:248,0
DA:250,0
DA:256,0
DA:257,0
DA:258,0
DA:262,0
DA:263,0
DA:264,0
DA:265,0
DA:266,0
DA:270,0
DA:276,0
DA:281,0
DA:284,0
DA:288,0
DA:292,0
DA:293,0
DA:305,0
DA:309,0
LF:58
LH:0
BRDA:19,0,0,0
BRDA:21,1,0,0
BRDA:21,1,1,0
BRDA:53,2,0,0
BRDA:53,2,1,0
BRDA:62,3,0,0
BRDA:62,3,1,0
BRDA:62,3,2,0
BRDA:62,3,3,0
BRDA:82,4,0,0
BRDA:82,4,1,0
BRDA:82,4,2,0
BRDA:82,4,3,0
BRDA:88,5,0,0
BRDA:88,5,1,0
BRDA:106,6,0,0
BRDA:126,7,0,0
BRDA:126,7,1,0
BRDA:129,8,0,0
BRDA:129,8,1,0
BRDA:136,9,0,0
BRDA:136,9,1,0
BRDA:138,10,0,0
BRDA:138,10,1,0
BRDA:174,11,0,0
BRDA:174,11,1,0
BRDA:181,12,0,0
BRDA:181,12,1,0
BRDA:199,13,0,0
BRDA:199,13,1,0
BRDA:220,14,0,0
BRDA:220,14,1,0
BRDA:246,15,0,0
BRDA:246,15,1,0
BRDA:248,16,0,0
BRDA:248,16,1,0
BRDA:257,17,0,0
BRDA:257,17,1,0
BRDA:263,18,0,0
BRDA:263,18,1,0
BRDA:265,19,0,0
BRDA:265,19,1,0
BRF:42
BRH:0
end_of_record
TN:
SF:/Users/sbacha/github/eu-signatures/src/IssuerSerial.js
FN:12,(anonymous_0)
FN:43,(anonymous_1)
FN:61,(anonymous_2)
FN:79,(anonymous_3)
FN:108,(anonymous_4)
FN:143,(anonymous_5)
FN:155,(anonymous_6)
FNF:7
FNH:0
FNDA:0,(anonymous_0)
FNDA:0,(anonymous_1)
FNDA:0,(anonymous_2)
FNDA:0,(anonymous_3)
FNDA:0,(anonymous_4)
FNDA:0,(anonymous_5)
FNDA:0,(anonymous_6)
DA:18,0
DA:27,0
DA:35,0
DA:44,0
DA:46,0
DA:48,0
DA:50,0
DA:62,0
DA:64,0
DA:66,0
DA:68,0
DA:93,0
DA:95,0
DA:110,0
DA:125,0
DA:126,0
DA:133,0
DA:135,0
DA:145,0
DA:156,0
LF:20
LH:0
BRDA:12,0,0,0
BRDA:35,1,0,0
BRDA:35,1,1,0
BRDA:44,2,0,0
BRDA:44,2,1,0
BRDA:44,2,2,0
BRDA:62,3,0,0
BRDA:62,3,1,0
BRDA:62,3,2,0
BRDA:79,4,0,0
BRDA:96,5,0,0
BRDA:96,5,1,0
BRDA:98,6,0,0
BRDA:98,6,1,0
BRDA:99,7,0,0
BRDA:99,7,1,0
BRDA:125,8,0,0
BRDA:125,8,1,0
BRF:18
BRH:0
end_of_record
TN:
SF:/Users/sbacha/github/eu-signatures/src/NoticeReference.js
FN:11,(anonymous_0)
FN:47,(anonymous_1)
FN:65,(anonymous_2)
FN:83,(anonymous_3)
FN:124,(anonymous_4)
FN:173,(anonymous_5)
FN:211,(anonymous_6)
FNF:7
FNH:0
FNDA:0,(anonymous_0)
FNDA:0,(anonymous_1)
FNDA:0,(anonymous_2)
FNDA:0,(anonymous_3)
FNDA:0,(anonymous_4)
FNDA:0,(anonymous_5)
FNDA:0,(anonymous_6)
DA:17,0
DA:26,0
DA:31,0
DA:39,0
DA:48,0
DA:50,0
DA:52,0
DA:54,0
DA:66,0
DA:68,0
DA:70,0
DA:72,0
DA:95,0
DA:97,0
DA:126,0
DA:137,0
DA:138,0
DA:144,0
DA:146,0
DA:149,0
DA:150,0
DA:153,0
DA:154,0
DA:157,0
DA:158,0
DA:160,0
DA:165,0
DA:175,0
DA:177,0
DA:179,0
DA:182,0
DA:184,0
DA:185,0
DA:187,0
DA:188,0
DA:190,0
DA:193,0
DA:201,0
DA:212,0
LF:39
LH:0
BRDA:11,0,0,0
BRDA:39,1,0,0
BRDA:39,1,1,0
BRDA:48,2,0,0
BRDA:48,2,1,0
BRDA:48,2,2,0
BRDA:66,3,0,0
BRDA:66,3,1,0
BRDA:66,3,2,0
BRDA:83,4,0,0
BRDA:98,5,0,0
BRDA:98,5,1,0
BRDA:99,6,0,0
BRDA:99,6,1,0
BRDA:103,7,0,0
BRDA:103,7,1,0
BRDA:104,8,0,0
BRDA:104,8,1,0
BRDA:105,9,0,0
BRDA:105,9,1,0
BRDA:111,10,0,0
BRDA:111,10,1,0
BRDA:137,11,0,0
BRDA:137,11,1,0
BRDA:146,12,0,0
BRDA:146,12,1,0
BRDA:146,12,2,0
BRDA:146,12,3,0
BRDA:177,13,0,0
BRDA:177,13,1,0
BRDA:177,13,2,0
BRDA:177,13,3,0
BRF:32
BRH:0
end_of_record
TN:
SF:/Users/sbacha/github/eu-signatures/src/OcspIdentifier.js
FN:12,(anonymous_0)
FN:43,(anonymous_1)
FN:61,(anonymous_2)
FN:79,(anonymous_3)
FN:125,(anonymous_4)
FN:159,(anonymous_5)
FN:186,(anonymous_6)
FN:200,(anonymous_7)
FNF:8
FNH:0
FNDA:0,(anonymous_0)
FNDA:0,(anonymous_1)
FNDA:0,(anonymous_2)
FNDA:0,(anonymous_3)
FNDA:0,(anonymous_4)
FNDA:0,(anonymous_5)
FNDA:0,(anonymous_6)
FNDA:0,(anonymous_7)
DA:18,0
DA:27,0
DA:35,0
DA:44,0
DA:46,0
DA:48,0
DA:50,0
DA:62,0
DA:64,0
DA:66,0
DA:68,0
DA:90,0
DA:92,0
DA:127,0
DA:138,0
DA:139,0
DA:145,0
DA:146,0
DA:149,0
DA:151,0
DA:160,0
DA:161,0
DA:164,0
DA:166,0
DA:167,0
DA:168,0
DA:170,0
DA:176,0
DA:187,0
DA:188,0
DA:190,0
DA:206,0
DA:209,0
DA:215,0
DA:216,0
DA:218,0
DA:221,0
DA:223,0
DA:227,0
DA:235,0
DA:244,0
LF:41
LH:0
BRDA:12,0,0,0
BRDA:35,1,0,0
BRDA:35,1,1,0
BRDA:44,2,0,0
BRDA:44,2,1,0
BRDA:44,2,2,0
BRDA:62,3,0,0
BRDA:62,3,1,0
BRDA:62,3,2,0
BRDA:79,4,0,0
BRDA:93,5,0,0
BRDA:93,5,1,0
BRDA:94,6,0,0
BRDA:94,6,1,0
BRDA:99,7,0,0
BRDA:99,7,1,0
BRDA:107,8,0,0
BRDA:107,8,1,0
BRDA:116,9,0,0
BRDA:116,9,1,0
BRDA:138,10,0,0
BRDA:138,10,1,0
BRDA:145,11,0,0
BRDA:145,11,1,0
BRDA:160,12,0,0
BRDA:160,12,1,0
BRDA:166,13,0,0
BRDA:166,13,1,0
BRDA:187,14,0,0
BRDA:187,14,1,0
BRDA:206,15,0,0
BRDA:206,15,1,0
BRDA:215,16,0,0
BRDA:215,16,1,0
BRDA:216,17,0,0
BRDA:216,17,1,0
BRDA:223,18,0,0
BRDA:223,18,1,0
BRF:38
BRH:0
end_of_record
TN:
SF:/Users/sbacha/github/eu-signatures/src/OcspListID.js
FN:12,(anonymous_0)
FN:34,(anonymous_1)
FN:50,(anonymous_2)
FN:66,(anonymous_3)
FN:109,(anonymous_4)
FN:130,(anonymous_5)
FN:139,(anonymous_6)
FN:144,(anonymous_7)
FN:157,(anonymous_8)
FN:159,(anonymous_9)
FNF:10
FNH:0
FNDA:0,(anonymous_0)
FNDA:0,(anonymous_1)
FNDA:0,(anonymous_2)
FNDA:0,(anonymous_3)
FNDA:0,(anonymous_4)
FNDA:0,(anonymous_5)
FNDA:0,(anonymous_6)
FNDA:0,(anonymous_7)
FNDA:0,(anonymous_8)
FNDA:0,(anonymous_9)
DA:18,0
DA:26,0
DA:35,0
DA:37,0
DA:39,0
DA:51,0
DA:53,0
DA:55,0
DA:76,0
DA:78,0
DA:111,0
DA:121,0
DA:122,0
DA:128,0
DA:130,0
DA:141,0
DA:145,0
DA:158,0
DA:160,0
LF:19
LH:0
BRDA:12,0,0,0
BRDA:26,1,0,0
BRDA:26,1,1,0
BRDA:35,2,0,0
BRDA:35,2,1,0
BRDA:51,3,0,0
BRDA:51,3,1,0
BRDA:66,4,0,0
BRDA:79,5,0,0
BRDA:79,5,1,0
BRDA:80,6,0,0
BRDA:80,6,1,0
BRDA:86,7,0,0
BRDA:86,7,1,0
BRDA:121,8,0,0
BRDA:121,8,1,0
BRF:16
BRH:0
end_of_record
TN:
SF:/Users/sbacha/github/eu-signatures/src/OcspResponsesID.js
FN:14,(anonymous_0)
FN:47,(anonymous_1)
FN:65,(anonymous_2)
FN:92,(anonymous_3)
FN:139,(anonymous_4)
FN:187,(anonymous_5)
FN:209,(anonymous_6)
FN:224,(anonymous_7)
FN:251,(anonymous_8)
FN:274,(anonymous_9)
FN:279,(anonymous_10)
FN:282,(anonymous_11)
FN:294,(anonymous_12)
FNF:13
FNH:0
FNDA:0,(anonymous_0)
FNDA:0,(anonymous_1)
FNDA:0,(anonymous_2)
FNDA:0,(anonymous_3)
FNDA:0,(anonymous_4)
FNDA:0,(anonymous_5)
FNDA:0,(anonymous_6)
FNDA:0,(anonymous_7)
FNDA:0,(anonymous_8)
FNDA:0,(anonymous_9)
FNDA:0,(anonymous_10)
FNDA:0,(anonymous_11)
FNDA:0,(anonymous_12)
DA:20,0
DA:26,0
DA:31,0
DA:39,0
DA:48,0
DA:50,0
DA:52,0
DA:54,0
DA:66,0
DA:68,0
DA:79,0
DA:81,0
DA:105,0
DA:107,0
DA:141,0
DA:161,0
DA:162,0
DA:168,0
DA:172,0
DA:173,0
DA:174,0
DA:176,0
DA:189,0
DA:191,0
DA:192,0
DA:193,0
DA:194,0
DA:199,0
DA:210,0
DA:214,0
DA:216,0
DA:226,0
DA:228,0
DA:234,0
DA:236,0
DA:239,0
DA:245,0
DA:246,0
DA:247,0
DA:251,0
DA:252,0
DA:253,0
DA:254,0
DA:255,0
DA:259,0
DA:267,0
DA:272,0
DA:275,0
DA:279,0
DA:283,0
DA:284,0
DA:287,0
DA:289,0
DA:290,0
DA:294,0
DA:298,0
LF:56
LH:0
BRDA:14,0,0,0
BRDA:26,1,0,0
BRDA:26,1,1,0
BRDA:39,2,0,0
BRDA:39,2,1,0
BRDA:48,3,0,0
BRDA:48,3,1,0
BRDA:48,3,2,0
BRDA:66,4,0,0
BRDA:66,4,1,0
BRDA:66,4,2,0
BRDA:69,5,0,0
BRDA:69,5,1,0
BRDA:92,6,0,0
BRDA:108,7,0,0
BRDA:108,7,1,0
BRDA:109,8,0,0
BRDA:109,8,1,0
BRDA:112,9,0,0
BRDA:112,9,1,0
BRDA:121,10,0,0
BRDA:121,10,1,0
BRDA:123,11,0,0
BRDA:123,11,1,0
BRDA:161,12,0,0
BRDA:161,12,1,0
BRDA:172,13,0,0
BRDA:172,13,1,0
BRDA:173,14,0,0
BRDA:173,14,1,0
BRDA:191,15,0,0
BRDA:191,15,1,0
BRDA:192,16,0,0
BRDA:192,16,1,0
BRDA:214,17,0,0
BRDA:214,17,1,0
BRDA:234,18,0,0
BRDA:234,18,1,0
BRDA:236,19,0,0
BRDA:236,19,1,0
BRDA:246,20,0,0
BRDA:246,20,1,0
BRDA:252,21,0,0
BRDA:252,21,1,0
BRDA:254,22,0,0
BRDA:254,22,1,0
BRDA:283,23,0,0
BRDA:283,23,1,0
BRF:48
BRH:0
end_of_record
TN:
SF:/Users/sbacha/github/eu-signatures/src/OtherCertID.js
FN:20,(anonymous_0)
FN:51,(anonymous_1)
FN:69,(anonymous_2)
FN:93,(anonymous_3)
FN:140,(anonymous_4)
FN:184,(anonymous_5)
FN:206,(anonymous_6)
FN:218,(anonymous_7)
FN:247,(anonymous_8)
FN:270,(anonymous_9)
FN:275,(anonymous_10)
FN:278,(anonymous_11)
FN:298,(anonymous_12)
FNF:13
FNH:0
FNDA:0,(anonymous_0)
FNDA:0,(anonymous_1)
FNDA:0,(anonymous_2)
FNDA:0,(anonymous_3)
FNDA:0,(anonymous_4)
FNDA:0,(anonymous_5)
FNDA:0,(anonymous_6)
FNDA:0,(anonymous_7)
FNDA:0,(anonymous_8)
FNDA:0,(anonymous_9)
FNDA:0,(anonymous_10)
FNDA:0,(anonymous_11)
FNDA:0,(anonymous_12)
DA:26,0
DA:35,0
DA:43,0
DA:52,0
DA:54,0
DA:56,0
DA:58,0
DA:70,0
DA:72,0
DA:74,0
DA:82,0
DA:105,0
DA:107,0
DA:142,0
DA:162,0
DA:163,0
DA:169,0
DA:170,0
DA:172,0
DA:176,0
DA:186,0
DA:188,0
DA:189,0
DA:190,0
DA:192,0
DA:196,0
DA:207,0
DA:220,0
DA:222,0
DA:224,0
DA:230,0
DA:232,0
DA:235,0
DA:241,0
DA:242,0
DA:243,0
DA:247,0
DA:248,0
DA:249,0
DA:250,0
DA:251,0
DA:255,0
DA:261,0
DA:263,0
DA:268,0
DA:271,0
DA:275,0
DA:279,0
DA:280,0
DA:282,0
DA:286,0
DA:298,0
DA:302,0
LF:53
LH:0
BRDA:20,0,0,0
BRDA:43,1,0,0
BRDA:43,1,1,0
BRDA:52,2,0,0
BRDA:52,2,1,0
BRDA:52,2,2,0
BRDA:70,3,0,0
BRDA:70,3,1,0
BRDA:70,3,2,0
BRDA:75,4,0,0
BRDA:75,4,1,0
BRDA:93,5,0,0
BRDA:108,6,0,0
BRDA:108,6,1,0
BRDA:113,7,0,0
BRDA:113,7,1,0
BRDA:116,8,0,0
BRDA:116,8,1,0
BRDA:125,9,0,0
BRDA:125,9,1,0
BRDA:162,10,0,0
BRDA:162,10,1,0
BRDA:169,11,0,0
BRDA:169,11,1,0
BRDA:188,12,0,0
BRDA:188,12,1,0
BRDA:230,13,0,0
BRDA:230,13,1,0
BRDA:232,14,0,0
BRDA:232,14,1,0
BRDA:242,15,0,0
BRDA:242,15,1,0
BRDA:248,16,0,0
BRDA:248,16,1,0
BRDA:250,17,0,0
BRDA:250,17,1,0
BRDA:279,18,0,0
BRDA:279,18,1,0
BRF:38
BRH:0
end_of_record
TN:
SF:/Users/sbacha/github/eu-signatures/src/OtherHashAlgAndValue.js
FN:12,(anonymous_0)
FN:43,(anonymous_1)
FN:61,(anonymous_2)
FN:80,(anonymous_3)
FN:116,(anonymous_4)
FN:151,(anonymous_5)
FN:163,(anonymous_6)
FNF:7
FNH:0
FNDA:0,(anonymous_0)
FNDA:0,(anonymous_1)
FNDA:0,(anonymous_2)
FNDA:0,(anonymous_3)
FNDA:0,(anonymous_4)
FNDA:0,(anonymous_5)
FNDA:0,(anonymous_6)
DA:18,0
DA:27,0
DA:35,0
DA:44,0
DA:46,0
DA:48,0
DA:50,0
DA:62,0
DA:65,0
DA:69,0
DA:93,0
DA:95,0
DA:118,0
DA:133,0
DA:134,0
DA:140,0
DA:143,0
DA:153,0
DA:164,0
LF:19
LH:0
BRDA:12,0,0,0
BRDA:35,1,0,0
BRDA:35,1,1,0
BRDA:44,2,0,0
BRDA:44,2,1,0
BRDA:44,2,2,0
BRDA:62,3,0,0
BRDA:62,3,1,0
BRDA:62,3,2,0
BRDA:80,4,0,0
BRDA:96,5,0,0
BRDA:96,5,1,0
BRDA:99,6,0,0
BRDA:99,6,1,0
BRDA:106,7,0,0
BRDA:106,7,1,0
BRDA:133,8,0,0
BRDA:133,8,1,0
BRF:18
BRH:0
end_of_record
TN:
SF:/Users/sbacha/github/eu-signatures/src/OtherRevRefs.js
FN:11,(anonymous_0)
FN:42,(anonymous_1)
FN:60,(anonymous_2)
FN:78,(anonymous_3)
FN:109,(anonymous_4)
FN:138,(anonymous_5)
FN:156,(anonymous_6)
FNF:7
FNH:0
FNDA:0,(anonymous_0)
FNDA:0,(anonymous_1)
FNDA:0,(anonymous_2)
FNDA:0,(anonymous_3)
FNDA:0,(anonymous_4)
FNDA:0,(anonymous_5)
FNDA:0,(anonymous_6)
DA:17,0
DA:26,0
DA:34,0
DA:43,0
DA:45,0
DA:47,0
DA:49,0
DA:61,0
DA:63,0
DA:65,0
DA:67,0
DA:92,0
DA:94,0
DA:111,0
DA:122,0
DA:123,0
DA:129,0
DA:130,0
DA:139,0
DA:140,0
DA:143,0
DA:157,0
DA:158,0
DA:160,0
LF:24
LH:0
BRDA:11,0,0,0
BRDA:34,1,0,0
BRDA:34,1,1,0
BRDA:43,2,0,0
BRDA:43,2,1,0
BRDA:43,2,2,0
BRDA:61,3,0,0
BRDA:61,3,1,0
BRDA:61,3,2,0
BRDA:78,4,0,0
BRDA:95,5,0,0
BRDA:95,5,1,0
BRDA:97,6,0,0
BRDA:97,6,1,0
BRDA:99,7,0,0
BRDA:99,7,1,0
BRDA:122,8,0,0
BRDA:122,8,1,0
BRDA:139,9,0,0
BRDA:139,9,1,0
BRDA:157,10,0,0
BRDA:157,10,1,0
BRF:22
BRH:0
end_of_record
TN:
SF:/Users/sbacha/github/eu-signatures/src/OtherRevVals.js
FN:11,(anonymous_0)
FN:42,(anonymous_1)
FN:60,(anonymous_2)
FN:78,(anonymous_3)
FN:109,(anonymous_4)
FN:138,(anonymous_5)
FN:153,(anonymous_6)
FNF:7
FNH:0
FNDA:0,(anonymous_0)
FNDA:0,(anonymous_1)
FNDA:0,(anonymous_2)
FNDA:0,(anonymous_3)
FNDA:0,(anonymous_4)
FNDA:0,(anonymous_5)
FNDA:0,(anonymous_6)
DA:17,0
DA:26,0
DA:34,0
DA:43,0
DA:45,0
DA:47,0
DA:49,0
DA:61,0
DA:63,0
DA:65,0
DA:67,0
DA:92,0
DA:94,0
DA:111,0
DA:122,0
DA:123,0
DA:129,0
DA:130,0
DA:140,0
DA:154,0
LF:20
LH:0
BRDA:11,0,0,0
BRDA:34,1,0,0
BRDA:34,1,1,0
BRDA:43,2,0,0
BRDA:43,2,1,0
BRDA:43,2,2,0
BRDA:61,3,0,0
BRDA:61,3,1,0
BRDA:61,3,2,0
BRDA:78,4,0,0
BRDA:95,5,0,0
BRDA:95,5,1,0
BRDA:97,6,0,0
BRDA:97,6,1,0
BRDA:99,7,0,0
BRDA:99,7,1,0
BRDA:122,8,0,0
BRDA:122,8,1,0
BRF:18
BRH:0
end_of_record
TN:
SF:/Users/sbacha/github/eu-signatures/src/OtherSigningCertificate.js
FN:14,(anonymous_0)
FN:47,(anonymous_1)
FN:64,(anonymous_2)
FN:81,(anonymous_3)
FN:123,(anonymous_4)
FN:147,(anonymous_5)
FN:155,(anonymous_6)
FN:165,(anonymous_7)
FN:169,(anonymous_8)
FN:177,(anonymous_9)
FN:195,(anonymous_10)
FN:197,(anonymous_11)
FN:202,(anonymous_12)
FNF:13
FNH:0
FNDA:0,(anonymous_0)
FNDA:0,(anonymous_1)
FNDA:0,(anonymous_2)
FNDA:0,(anonymous_3)
FNDA:0,(anonymous_4)
FNDA:0,(anonymous_5)
FNDA:0,(anonymous_6)
FNDA:0,(anonymous_7)
FNDA:0,(anonymous_8)
FNDA:0,(anonymous_9)
FNDA:0,(anonymous_10)
FNDA:0,(anonymous_11)
FNDA:0,(anonymous_12)
DA:20,0
DA:26,0
DA:31,0
DA:39,0
DA:48,0
DA:51,0
DA:53,0
DA:65,0
DA:68,0
DA:70,0
DA:94,0
DA:96,0
DA:125,0
DA:136,0
DA:137,0
DA:145,0
DA:147,0
DA:152,0
DA:153,0
DA:155,0
DA:167,0
DA:169,0
DA:174,0
DA:175,0
DA:177,0
DA:185,0
DA:196,0
DA:197,0
DA:201,0
DA:202,0
DA:203,0
DA:207,0
LF:32
LH:0
BRDA:14,0,0,0
BRDA:26,1,0,0
BRDA:26,1,1,0
BRDA:39,2,0,0
BRDA:39,2,1,0
BRDA:48,3,0,0
BRDA:48,3,1,0
BRDA:48,3,2,0
BRDA:65,4,0,0
BRDA:65,4,1,0
BRDA:65,4,2,0
BRDA:81,5,0,0
BRDA:97,6,0,0
BRDA:97,6,1,0
BRDA:102,7,0,0
BRDA:102,7,1,0
BRDA:110,8,0,0
BRDA:110,8,1,0
BRDA:136,9,0,0
BRDA:136,9,1,0
BRDA:152,10,0,0
BRDA:152,10,1,0
BRDA:174,11,0,0
BRDA:174,11,1,0
BRDA:201,12,0,0
BRDA:201,12,1,0
BRF:26
BRH:0
end_of_record
TN:
SF:/Users/sbacha/github/eu-signatures/src/RevocationInfoArchival.js
FN:14,(anonymous_0)
FN:59,(anonymous_1)
FN:77,(anonymous_2)
FN:95,(anonymous_3)
FN:176,(anonymous_4)
FN:204,(anonymous_5)
FN:210,(anonymous_6)
FN:224,(anonymous_7)
FN:237,(anonymous_8)
FN:253,(anonymous_9)
FN:284,(anonymous_10)
FN:288,(anonymous_11)
FN:291,(anonymous_12)
FNF:13
FNH:0
FNDA:0,(anonymous_0)
FNDA:0,(anonymous_1)
FNDA:0,(anonymous_2)
FNDA:0,(anonymous_3)
FNDA:0,(anonymous_4)
FNDA:0,(anonymous_5)
FNDA:0,(anonymous_6)
FNDA:0,(anonymous_7)
FNDA:0,(anonymous_8)
FNDA:0,(anonymous_9)
FNDA:0,(anonymous_10)
FNDA:0,(anonymous_11)
FNDA:0,(anonymous_12)
DA:16,0
DA:21,0
DA:27,0
DA:32,0
DA:38,0
DA:43,0
DA:51,0
DA:60,0
DA:64,0
DA:66,0
DA:78,0
DA:82,0
DA:84,0
DA:113,0
DA:115,0
DA:178,0
DA:194,0
DA:195,0
DA:201,0
DA:202,0
DA:204,0
DA:207,0
DA:208,0
DA:210,0
DA:213,0
DA:214,0
DA:226,0
DA:228,0
DA:229,0
DA:237,0
DA:244,0
DA:245,0
DA:253,0
DA:260,0
DA:261,0
DA:274,0
DA:285,0
DA:287,0
DA:288,0
DA:290,0
DA:291,0
DA:293,0
DA:294,0
DA:296,0
LF:44
LH:0
BRDA:14,0,0,0
BRDA:16,1,0,0
BRDA:16,1,1,0
BRDA:27,2,0,0
BRDA:27,2,1,0
BRDA:38,3,0,0
BRDA:38,3,1,0
BRDA:51,4,0,0
BRDA:51,4,1,0
BRDA:60,5,0,0
BRDA:60,5,1,0
BRDA:60,5,2,0
BRDA:60,5,3,0
BRDA:78,6,0,0
BRDA:78,6,1,0
BRDA:78,6,2,0
BRDA:78,6,3,0
BRDA:95,7,0,0
BRDA:116,8,0,0
BRDA:116,8,1,0
BRDA:128,9,0,0
BRDA:128,9,1,0
BRDA:145,10,0,0
BRDA:145,10,1,0
BRDA:160,11,0,0
BRDA:160,11,1,0
BRDA:194,12,0,0
BRDA:194,12,1,0
BRDA:201,13,0,0
BRDA:201,13,1,0
BRDA:207,14,0,0
BRDA:207,14,1,0
BRDA:213,15,0,0
BRDA:213,15,1,0
BRDA:228,16,0,0
BRDA:228,16,1,0
BRDA:244,17,0,0
BRDA:244,17,1,0
BRDA:260,18,0,0
BRDA:260,18,1,0
BRDA:287,19,0,0
BRDA:287,19,1,0
BRDA:290,20,0,0
BRDA:290,20,1,0
BRDA:293,21,0,0
BRDA:293,21,1,0
BRF:46
BRH:0
end_of_record
TN:
SF:/Users/sbacha/github/eu-signatures/src/RevocationValues.js
FN:19,(anonymous_0)
FN:64,(anonymous_1)
FN:82,(anonymous_2)
FN:100,(anonymous_3)
FN:176,(anonymous_4)
FN:204,(anonymous_5)
FN:210,(anonymous_6)
FN:224,(anonymous_7)
FN:237,(anonymous_8)
FN:253,(anonymous_9)
FN:284,(anonymous_10)
FN:288,(anonymous_11)
FN:291,(anonymous_12)
FN:301,(anonymous_13)
FN:343,(anonymous_14)
FNF:15
FNH:0
FNDA:0,(anonymous_0)
FNDA:0,(anonymous_1)
FNDA:0,(anonymous_2)
FNDA:0,(anonymous_3)
FNDA:0,(anonymous_4)
FNDA:0,(anonymous_5)
FNDA:0,(anonymous_6)
FNDA:0,(anonymous_7)
FNDA:0,(anonymous_8)
FNDA:0,(anonymous_9)
FNDA:0,(anonymous_10)
FNDA:0,(anonymous_11)
FNDA:0,(anonymous_12)
FNDA:0,(anonymous_13)
FNDA:0,(anonymous_14)
DA:21,0
DA:26,0
DA:32,0
DA:37,0
DA:43,0
DA:48,0
DA:56,0
DA:65,0
DA:69,0
DA:71,0
DA:83,0
DA:87,0
DA:89,0
DA:113,0
DA:115,0
DA:178,0
DA:194,0
DA:195,0
DA:201,0
DA:202,0
DA:204,0
DA:207,0
DA:208,0
DA:210,0
DA:213,0
DA:214,0
DA:226,0
DA:228,0
DA:229,0
DA:237,0
DA:244,0
DA:245,0
DA:253,0
DA:260,0
DA:261,0
DA:274,0
DA:285,0
DA:287,0
DA:288,0
DA:290,0
DA:291,0
DA:292,0
DA:295,0
DA:296,0
DA:298,0
DA:303,0
DA:307,0
DA:311,0
DA:312,0
DA:313,0
DA:314,0
DA:316,0
DA:323,0
DA:324,0
DA:326,0
DA:327,0
DA:328,0
DA:330,0
DA:333,0
DA:337,0
DA:345,0
LF:61
LH:0
BRDA:19,0,0,0
BRDA:21,1,0,0
BRDA:21,1,1,0
BRDA:32,2,0,0
BRDA:32,2,1,0
BRDA:43,3,0,0
BRDA:43,3,1,0
BRDA:56,4,0,0
BRDA:56,4,1,0
BRDA:65,5,0,0
BRDA:65,5,1,0
BRDA:65,5,2,0
BRDA:65,5,3,0
BRDA:83,6,0,0
BRDA:83,6,1,0
BRDA:83,6,2,0
BRDA:83,6,3,0
BRDA:100,7,0,0
BRDA:116,8,0,0
BRDA:116,8,1,0
BRDA:128,9,0,0
BRDA:128,9,1,0
BRDA:145,10,0,0
BRDA:145,10,1,0
BRDA:160,11,0,0
BRDA:160,11,1,0
BRDA:194,12,0,0
BRDA:194,12,1,0
BRDA:201,13,0,0
BRDA:201,13,1,0
BRDA:207,14,0,0
BRDA:207,14,1,0
BRDA:213,15,0,0
BRDA:213,15,1,0
BRDA:228,16,0,0
BRDA:228,16,1,0
BRDA:244,17,0,0
BRDA:244,17,1,0
BRDA:260,18,0,0
BRDA:260,18,1,0
BRDA:287,19,0,0
BRDA:287,19,1,0
BRDA:290,20,0,0
BRDA:290,20,1,0
BRDA:295,21,0,0
BRDA:295,21,1,0
BRDA:307,22,0,0
BRDA:307,22,1,0
BRDA:311,23,0,0
BRDA:311,23,1,0
BRDA:313,24,0,0
BRDA:313,24,1,0
BRDA:314,25,0,0
BRDA:314,25,1,0
BRDA:323,26,0,0
BRDA:323,26,1,0
BRF:56
BRH:0
end_of_record
TN:
SF:/Users/sbacha/github/eu-signatures/src/SPUserNotice.js
FN:13,(anonymous_0)
FN:50,(anonymous_1)
FN:68,(anonymous_2)
FN:95,(anonymous_3)
FN:134,(anonymous_4)
FN:187,(anonymous_5)
FN:225,(anonymous_6)
FNF:7
FNH:0
FNDA:0,(anonymous_0)
FNDA:0,(anonymous_1)
FNDA:0,(anonymous_2)
FNDA:0,(anonymous_3)
FNDA:0,(anonymous_4)
FNDA:0,(anonymous_5)
FNDA:0,(anonymous_6)
DA:15,0
DA:20,0
DA:26,0
DA:31,0
DA:37,0
DA:42,0
DA:51,0
DA:53,0
DA:55,0
DA:57,0
DA:69,0
DA:71,0
DA:82,0
DA:84,0
DA:106,0
DA:108,0
DA:136,0
DA:151,0
DA:152,0
DA:158,0
DA:159,0
DA:161,0
DA:162,0
DA:164,0
DA:166,0
DA:167,0
DA:169,0
DA:170,0
DA:172,0
DA:173,0
DA:175,0
DA:189,0
DA:191,0
DA:193,0
DA:194,0
DA:196,0
DA:199,0
DA:201,0
DA:202,0
DA:204,0
DA:205,0
DA:207,0
DA:215,0
DA:226,0
DA:228,0
DA:230,0
DA:232,0
LF:47
LH:0
BRDA:13,0,0,0
BRDA:15,1,0,0
BRDA:15,1,1,0
BRDA:26,2,0,0
BRDA:26,2,1,0
BRDA:42,3,0,0
BRDA:42,3,1,0
BRDA:51,4,0,0
BRDA:51,4,1,0
BRDA:51,4,2,0
BRDA:69,5,0,0
BRDA:69,5,1,0
BRDA:69,5,2,0
BRDA:72,6,0,0
BRDA:72,6,1,0
BRDA:95,7,0,0
BRDA:109,8,0,0
BRDA:109,8,1,0
BRDA:112,9,0,0
BRDA:112,9,1,0
BRDA:121,10,0,0
BRDA:121,10,1,0
BRDA:122,11,0,0
BRDA:122,11,1,0
BRDA:123,12,0,0
BRDA:123,12,1,0
BRDA:151,13,0,0
BRDA:151,13,1,0
BRDA:158,14,0,0
BRDA:158,14,1,0
BRDA:161,15,0,0
BRDA:161,15,1,0
BRDA:164,16,0,0
BRDA:164,16,1,0
BRDA:164,16,2,0
BRDA:164,16,3,0
BRDA:191,17,0,0
BRDA:191,17,1,0
BRDA:193,18,0,0
BRDA:193,18,1,0
BRDA:194,19,0,0
BRDA:194,19,1,0
BRDA:194,19,2,0
BRDA:194,19,3,0
BRDA:228,20,0,0
BRDA:228,20,1,0
BRDA:230,21,0,0
BRDA:230,21,1,0
BRF:48
BRH:0
end_of_record
TN:
SF:/Users/sbacha/github/eu-signatures/src/SigPolicyQualifierInfo.js
FN:11,(anonymous_0)
FN:42,(anonymous_1)
FN:60,(anonymous_2)
FN:78,(anonymous_3)
FN:107,(anonymous_4)
FN:136,(anonymous_5)
FN:159,(anonymous_6)
FNF:7
FNH:0
FNDA:0,(anonymous_0)
FNDA:0,(anonymous_1)
FNDA:0,(anonymous_2)
FNDA:0,(anonymous_3)
FNDA:0,(anonymous_4)
FNDA:0,(anonymous_5)
FNDA:0,(anonymous_6)
DA:17,0
DA:26,0
DA:34,0
DA:43,0
DA:45,0
DA:47,0
DA:49,0
DA:61,0
DA:63,0
DA:65,0
DA:67,0
DA:90,0
DA:92,0
DA:109,0
DA:120,0
DA:121,0
DA:127,0
DA:128,0
DA:137,0
DA:143,0
DA:146,0
DA:160,0
DA:166,0
DA:168,0
LF:24
LH:0
BRDA:11,0,0,0
BRDA:34,1,0,0
BRDA:34,1,1,0
BRDA:43,2,0,0
BRDA:43,2,1,0
BRDA:43,2,2,0
BRDA:61,3,0,0
BRDA:61,3,1,0
BRDA:61,3,2,0
BRDA:78,4,0,0
BRDA:93,5,0,0
BRDA:93,5,1,0
BRDA:95,6,0,0
BRDA:95,6,1,0
BRDA:97,7,0,0
BRDA:97,7,1,0
BRDA:120,8,0,0
BRDA:120,8,1,0
BRDA:137,9,0,0
BRDA:137,9,1,0
BRDA:160,10,0,0
BRDA:160,10,1,0
BRF:22
BRH:0
end_of_record
TN:
SF:/Users/sbacha/github/eu-signatures/src/SignaturePolicyId.js
FN:14,(anonymous_0)
FN:56,(anonymous_1)
FN:76,(anonymous_2)
FN:105,(anonymous_3)
FN:149,(anonymous_4)
FN:182,(anonymous_5)
FN:191,(anonymous_6)
FN:201,(anonymous_7)
FN:220,(anonymous_8)
FN:229,(anonymous_9)
FNF:10
FNH:0
FNDA:0,(anonymous_0)
FNDA:0,(anonymous_1)
FNDA:0,(anonymous_2)
FNDA:0,(anonymous_3)
FNDA:0,(anonymous_4)
FNDA:0,(anonymous_5)
FNDA:0,(anonymous_6)
FNDA:0,(anonymous_7)
FNDA:0,(anonymous_8)
FNDA:0,(anonymous_9)
DA:20,0
DA:29,0
DA:35,0
DA:40,0
DA:48,0
DA:57,0
DA:59,0
DA:61,0
DA:63,0
DA:65,0
DA:77,0
DA:79,0
DA:81,0
DA:92,0
DA:94,0
DA:119,0
DA:121,0
DA:151,0
DA:167,0
DA:168,0
DA:174,0
DA:175,0
DA:179,0
DA:180,0
DA:182,0
DA:193,0
DA:198,0
DA:199,0
DA:202,0
DA:210,0
DA:221,0
DA:226,0
DA:227,0
DA:229,0
DA:232,0
LF:35
LH:0
BRDA:14,0,0,0
BRDA:35,1,0,0
BRDA:35,1,1,0
BRDA:48,2,0,0
BRDA:48,2,1,0
BRDA:57,3,0,0
BRDA:57,3,1,0
BRDA:57,3,2,0
BRDA:57,3,3,0
BRDA:77,4,0,0
BRDA:77,4,1,0
BRDA:77,4,2,0
BRDA:77,4,3,0
BRDA:82,5,0,0
BRDA:82,5,1,0
BRDA:105,6,0,0
BRDA:122,7,0,0
BRDA:122,7,1,0
BRDA:124,8,0,0
BRDA:124,8,1,0
BRDA:126,9,0,0
BRDA:126,9,1,0
BRDA:136,10,0,0
BRDA:136,10,1,0
BRDA:167,11,0,0
BRDA:167,11,1,0
BRDA:179,12,0,0
BRDA:179,12,1,0
BRDA:198,13,0,0
BRDA:198,13,1,0
BRDA:226,14,0,0
BRDA:226,14,1,0
BRF:32
BRH:0
end_of_record
TN:
SF:/Users/sbacha/github/eu-signatures/src/SignatureTimeStamp.js
FN:20,(anonymous_0)
FN:56,(anonymous_1)
FN:99,(anonymous_2)
FN:115,(anonymous_3)
FN:120,(anonymous_4)
FN:129,(anonymous_5)
FNF:6
FNH:0
FNDA:0,(anonymous_0)
FNDA:0,(anonymous_1)
FNDA:0,(anonymous_2)
FNDA:0,(anonymous_3)
FNDA:0,(anonymous_4)
FNDA:0,(anonymous_5)
DA:21,0
DA:24,0
DA:29,0
DA:35,0
DA:40,0
DA:48,0
DA:57,0
DA:60,0
DA:62,0
DA:68,0
DA:72,0
DA:73,0
DA:75,0
DA:76,0
DA:78,0
DA:82,0
DA:84,0
DA:87,0
DA:101,0
DA:105,0
DA:106,0
DA:107,0
DA:111,0
DA:114,0
DA:116,0
DA:120,0
DA:135,0
DA:137,0
DA:139,0
DA:144,0
DA:148,0
DA:149,0
DA:153,0
DA:154,0
DA:155,0
DA:159,0
LF:36
LH:0
BRDA:20,0,0,0
BRDA:24,1,0,0
BRDA:24,1,1,0
BRDA:35,2,0,0
BRDA:35,2,1,0
BRDA:48,3,0,0
BRDA:48,3,1,0
BRDA:60,4,0,0
BRDA:60,4,1,0
BRDA:72,5,0,0
BRDA:72,5,1,0
BRDA:75,6,0,0
BRDA:75,6,1,0
BRDA:78,7,0,0
BRDA:78,7,1,0
BRDA:106,8,0,0
BRDA:106,8,1,0
BRDA:111,9,0,0
BRDA:111,9,1,0
BRDA:129,10,0,0
BRDA:135,11,0,0
BRDA:135,11,1,0
BRDA:137,12,0,0
BRDA:137,12,1,0
BRDA:153,13,0,0
BRDA:153,13,1,0
BRF:26
BRH:0
end_of_record
TN:
SF:/Users/sbacha/github/eu-signatures/src/SignerLocation.js
FN:13,(anonymous_0)
FN:58,(anonymous_1)
FN:77,(anonymous_2)
FN:99,(anonymous_3)
FN:187,(anonymous_4)
FN:221,(anonymous_5)
FN:230,(anonymous_6)
FN:265,(anonymous_7)
FN:284,(anonymous_8)
FN:293,(anonymous_9)
FNF:10
FNH:0
FNDA:0,(anonymous_0)
FNDA:0,(anonymous_1)
FNDA:0,(anonymous_2)
FNDA:0,(anonymous_3)
FNDA:0,(anonymous_4)
FNDA:0,(anonymous_5)
FNDA:0,(anonymous_6)
FNDA:0,(anonymous_7)
FNDA:0,(anonymous_8)
FNDA:0,(anonymous_9)
DA:15,0
DA:20,0
DA:26,0
DA:31,0
DA:37,0
DA:42,0
DA:50,0
DA:59,0
DA:62,0
DA:64,0
DA:66,0
DA:78,0
DA:81,0
DA:86,0
DA:88,0
DA:116,0
DA:118,0
DA:189,0
DA:201,0
DA:202,0
DA:208,0
DA:209,0
DA:213,0
DA:214,0
DA:218,0
DA:219,0
DA:221,0
DA:232,0
DA:234,0
DA:235,0
DA:246,0
DA:247,0
DA:258,0
DA:259,0
DA:266,0
DA:274,0
DA:285,0
DA:287,0
DA:289,0
DA:290,0
DA:292,0
DA:293,0
DA:294,0
DA:297,0
LF:44
LH:0
BRDA:13,0,0,0
BRDA:15,1,0,0
BRDA:15,1,1,0
BRDA:26,2,0,0
BRDA:26,2,1,0
BRDA:37,3,0,0
BRDA:37,3,1,0
BRDA:50,4,0,0
BRDA:50,4,1,0
BRDA:59,5,0,0
BRDA:59,5,1,0
BRDA:59,5,2,0
BRDA:59,5,3,0
BRDA:78,6,0,0
BRDA:78,6,1,0
BRDA:78,6,2,0
BRDA:78,6,3,0
BRDA:82,7,0,0
BRDA:82,7,1,0
BRDA:99,8,0,0
BRDA:119,9,0,0
BRDA:119,9,1,0
BRDA:130,10,0,0
BRDA:130,10,1,0
BRDA:131,11,0,0
BRDA:131,11,1,0
BRDA:132,12,0,0
BRDA:132,12,1,0
BRDA:133,13,0,0
BRDA:133,13,1,0
BRDA:134,14,0,0
BRDA:134,14,1,0
BRDA:140,15,0,0
BRDA:140,15,1,0
BRDA:149,16,0,0
BRDA:149,16,1,0
BRDA:150,17,0,0
BRDA:150,17,1,0
BRDA:151,18,0,0
BRDA:151,18,1,0
BRDA:152,19,0,0
BRDA:152,19,1,0
BRDA:153,20,0,0
BRDA:153,20,1,0
BRDA:166,21,0,0
BRDA:166,21,1,0
BRDA:201,22,0,0
BRDA:201,22,1,0
BRDA:208,23,0,0
BRDA:208,23,1,0
BRDA:213,24,0,0
BRDA:213,24,1,0
BRDA:218,25,0,0
BRDA:218,25,1,0
BRDA:234,26,0,0
BRDA:234,26,1,0
BRDA:246,27,0,0
BRDA:246,27,1,0
BRDA:258,28,0,0
BRDA:258,28,1,0
BRDA:287,29,0,0
BRDA:287,29,1,0
BRDA:289,30,0,0
BRDA:289,30,1,0
BRDA:292,31,0,0
BRDA:292,31,1,0
BRF:66
BRH:0
end_of_record
TN:
SF:/Users/sbacha/github/eu-signatures/src/SigningCertificateV2.js
FN:13,(anonymous_0)
FN:44,(anonymous_1)
FN:61,(anonymous_2)
FN:78,(anonymous_3)
FN:120,(anonymous_4)
FN:144,(anonymous_5)
FN:152,(anonymous_6)
FN:162,(anonymous_7)
FN:166,(anonymous_8)
FN:174,(anonymous_9)
FN:192,(anonymous_10)
FN:194,(anonymous_11)
FN:199,(anonymous_12)
FNF:13
FNH:0
FNDA:0,(anonymous_0)
FNDA:0,(anonymous_1)
FNDA:0,(anonymous_2)
FNDA:0,(anonymous_3)
FNDA:0,(anonymous_4)
FNDA:0,(anonymous_5)
FNDA:0,(anonymous_6)
FNDA:0,(anonymous_7)
FNDA:0,(anonymous_8)
FNDA:0,(anonymous_9)
FNDA:0,(anonymous_10)
FNDA:0,(anonymous_11)
FNDA:0,(anonymous_12)
DA:19,0
DA:28,0
DA:36,0
DA:45,0
DA:48,0
DA:50,0
DA:62,0
DA:65,0
DA:67,0
DA:90,0
DA:92,0
DA:122,0
DA:133,0
DA:134,0
DA:142,0
DA:144,0
DA:149,0
DA:150,0
DA:152,0
DA:164,0
DA:166,0
DA:171,0
DA:172,0
DA:174,0
DA:182,0
DA:193,0
DA:194,0
DA:198,0
DA:199,0
DA:200,0
DA:204,0
LF:31
LH:0
BRDA:13,0,0,0
BRDA:36,1,0,0
BRDA:36,1,1,0
BRDA:45,2,0,0
BRDA:45,2,1,0
BRDA:45,2,2,0
BRDA:62,3,0,0
BRDA:62,3,1,0
BRDA:62,3,2,0
BRDA:78,4,0,0
BRDA:93,5,0,0
BRDA:93,5,1,0
BRDA:98,6,0,0
BRDA:98,6,1,0
BRDA:107,7,0,0
BRDA:107,7,1,0
BRDA:133,8,0,0
BRDA:133,8,1,0
BRDA:149,9,0,0
BRDA:149,9,1,0
BRDA:171,10,0,0
BRDA:171,10,1,0
BRDA:198,11,0,0
BRDA:198,11,1,0
BRF:24
BRH:0
end_of_record
TN:
SF:/Users/sbacha/github/eu-signatures/src/common.js
FN:14,createCommonAttributes
FN:52,(anonymous_1)
FN:71,(anonymous_2)
FN:78,(anonymous_3)
FN:118,(anonymous_4)
FN:121,(anonymous_5)
FN:131,(anonymous_6)
FN:138,(anonymous_7)
FN:139,(anonymous_8)
FN:142,(anonymous_9)
FN:156,(anonymous_10)
FNF:11
FNH:0
FNDA:0,createCommonAttributes
FNDA:0,(anonymous_1)
FNDA:0,(anonymous_2)
FNDA:0,(anonymous_3)
FNDA:0,(anonymous_4)
FNDA:0,(anonymous_5)
FNDA:0,(anonymous_6)
FNDA:0,(anonymous_7)
FNDA:0,(anonymous_8)
FNDA:0,(anonymous_9)
FNDA:0,(anonymous_10)
DA:16,0
DA:18,0
DA:20,0
DA:24,0
DA:26,0
DA:30,0
DA:31,0
DA:32,0
DA:36,0
DA:38,0
DA:39,0
DA:43,0
DA:45,0
DA:51,0
DA:54,0
DA:59,0
DA:63,0
DA:68,0
DA:71,0
DA:76,0
DA:80,0
DA:82,0
DA:86,0
DA:90,0
DA:93,0
DA:98,0
DA:105,0
DA:109,0
DA:110,0
DA:112,0
DA:116,0
DA:118,0
DA:123,0
DA:129,0
DA:131,0
DA:136,0
DA:138,0
DA:139,0
DA:143,0
DA:147,0
DA:152,0
DA:154,0
DA:156,0
DA:160,0
LF:44
LH:0
BRDA:31,0,0,0
BRDA:31,0,1,0
BRDA:36,1,0,0
BRDA:36,1,1,0
BRDA:38,2,0,0
BRDA:38,2,1,0
BRDA:43,3,0,0
BRDA:43,3,1,0
BRDA:80,4,0,0
BRDA:80,4,1,0
BRDA:82,5,0,0
BRDA:82,5,1,0
BRDA:83,6,0,0
BRDA:83,6,1,0
BRDA:86,7,0,0
BRDA:86,7,1,0
BRDA:109,8,0,0
BRDA:109,8,1,0
BRF:18
BRH:0
end_of_record
TN:
SF:/Users/sbacha/github/eu-signatures/src/index.js
FNF:0
FNH:0
LF:0
LH:0
BRF:0
BRH:0
end_of_record
